[INFO ] 2021-07-02 23:40:30.796 [main] Log - I am in onStart method POMframeworkWithExtentReport
[INFO ] 2021-07-02 23:40:30.886 [main] Log - test is starting ....
[INFO ] 2021-07-02 23:40:35.785 [main] Log - invalid_emailAndPassword_LoginTest1 test is starting.
[INFO ] 2021-07-02 23:40:36.561 [main] Log - go to opencart home page
[INFO ] 2021-07-02 23:40:38.432 [main] Log - go to login page 
[INFO ] 2021-07-02 23:40:39.875 [main] Log - trying to log-in
[INFO ] 2021-07-02 23:40:41.742 [main] Log - verifying login
[INFO ] 2021-07-02 23:40:42.208 [main] Log - invalid_emailAndPassword_LoginTest1 test is skipped.
[INFO ] 2021-07-02 23:40:42.213 [main] Log - invalid_emailAndPassword_LoginTest1 test is starting.
[INFO ] 2021-07-02 23:40:42.215 [main] Log - go to opencart home page
[INFO ] 2021-07-02 23:40:43.492 [main] Log - go to login page 
[INFO ] 2021-07-02 23:40:44.938 [main] Log - trying to log-in
[INFO ] 2021-07-02 23:40:46.681 [main] Log - verifying login
[INFO ] 2021-07-02 23:40:46.817 [main] Log - invalid_emailAndPassword_LoginTest1 test is failed.
[INFO ] 2021-07-02 23:40:47.109 [main] Log - testPrint test is starting.
[INFO ] 2021-07-02 23:40:47.124 [main] Log - testPrint test is succeed.
[INFO ] 2021-07-02 23:40:47.127 [main] Log - invalid_emailAndPassword_LoginTest2 test is starting.
[INFO ] 2021-07-02 23:40:47.128 [main] Log - go to opencart home page
[INFO ] 2021-07-02 23:40:48.503 [main] Log - go to login page 
[INFO ] 2021-07-02 23:40:50.002 [main] Log - trying to log-in
[INFO ] 2021-07-02 23:40:51.829 [main] Log - verifying login
[INFO ] 2021-07-02 23:40:52.372 [main] Log - invalid_emailAndPassword_LoginTest2 test is skipped.
[INFO ] 2021-07-02 23:40:52.375 [main] Log - invalid_emailAndPassword_LoginTest2 test is starting.
[INFO ] 2021-07-02 23:40:52.376 [main] Log - go to opencart home page
[INFO ] 2021-07-02 23:40:53.745 [main] Log - go to login page 
[INFO ] 2021-07-02 23:40:55.207 [main] Log - trying to log-in
[INFO ] 2021-07-02 23:40:57.198 [main] Log - verifying login
[INFO ] 2021-07-02 23:40:57.330 [main] Log - invalid_emailAndPassword_LoginTest2 test is failed.
[INFO ] 2021-07-02 23:40:57.627 [main] Log - invalid_emailAndPassword_LoginTest3 test is starting.
[INFO ] 2021-07-02 23:40:57.628 [main] Log - go to opencart home page
[INFO ] 2021-07-02 23:40:59.023 [main] Log - go to login page 
[INFO ] 2021-07-02 23:41:00.467 [main] Log - trying to log-in
[INFO ] 2021-07-02 23:41:02.226 [main] Log - verifying login
[INFO ] 2021-07-02 23:41:02.899 [main] Log - invalid_emailAndPassword_LoginTest3 test is skipped.
[INFO ] 2021-07-02 23:41:02.902 [main] Log - invalid_emailAndPassword_LoginTest3 test is starting.
[INFO ] 2021-07-02 23:41:02.903 [main] Log - go to opencart home page
[INFO ] 2021-07-02 23:41:04.248 [main] Log - go to login page 
[INFO ] 2021-07-02 23:41:05.664 [main] Log - trying to log-in
[INFO ] 2021-07-02 23:41:07.476 [main] Log - verifying login
[INFO ] 2021-07-02 23:41:07.598 [main] Log - invalid_emailAndPassword_LoginTest3 test is failed.
[INFO ] 2021-07-02 23:41:07.879 [main] Log - valid_emailAndPassword_LoginTest test is starting.
[INFO ] 2021-07-02 23:41:07.880 [main] Log - go to opencart home page
[INFO ] 2021-07-02 23:41:09.180 [main] Log - go to login page 
[INFO ] 2021-07-02 23:41:10.612 [main] Log - trying to log-in
[INFO ] 2021-07-02 23:41:13.430 [main] Log - verifying login
[INFO ] 2021-07-02 23:41:13.908 [main] Log - valid_emailAndPassword_LoginTest test is skipped.
[INFO ] 2021-07-02 23:41:13.912 [main] Log - valid_emailAndPassword_LoginTest test is starting.
[INFO ] 2021-07-02 23:41:13.914 [main] Log - go to opencart home page
[INFO ] 2021-07-02 23:41:15.263 [main] Log - go to login page 
[INFO ] 2021-07-02 23:41:15.422 [main] Log - valid_emailAndPassword_LoginTest test is failed.
[INFO ] 2021-07-02 23:41:16.085 [main] Log - test ended...
[INFO ] 2021-07-02 23:41:16.204 [main] Log - I am in onFinish method POMframeworkWithExtentReport
